  EmojiMaker.cpp
c:\users\ashyo98\documents\visual studio 2017\projects\emojimaker\emojimaker.cpp(20): warning C4005: 'SCREEN_WIDTH': macro redefinition
  c:\users\ashyo98\documents\visual studio 2017\projects\emojimaker\draw.h(11): note: see previous definition of 'SCREEN_WIDTH'
c:\users\ashyo98\documents\visual studio 2017\projects\emojimaker\emojimaker.cpp(55): warning C4244: 'argument': conversion from 'float' to 'GLint', possible loss of data
c:\users\ashyo98\documents\visual studio 2017\projects\emojimaker\emojimaker.cpp(35): warning C4101: 'window2': unreferenced local variable
  Neutral.cpp
c:\users\ashyo98\documents\visual studio 2017\projects\emojimaker\neutral.cpp(7): warning C4305: 'argument': truncation from 'double' to 'GLfloat'
c:\users\ashyo98\documents\visual studio 2017\projects\emojimaker\neutral.cpp(9): warning C4305: 'argument': truncation from 'double' to 'GLfloat'
c:\users\ashyo98\documents\visual studio 2017\projects\emojimaker\neutral.cpp(10): warning C4305: 'argument': truncation from 'double' to 'GLfloat'
c:\users\ashyo98\documents\visual studio 2017\projects\emojimaker\neutral.cpp(28): warning C4244: 'argument': conversion from 'int' to 'GLfloat', possible loss of data
c:\users\ashyo98\documents\visual studio 2017\projects\emojimaker\neutral.cpp(30): warning C4244: 'argument': conversion from 'int' to 'GLfloat', possible loss of data
c:\users\ashyo98\documents\visual studio 2017\projects\emojimaker\neutral.cpp(32): warning C4244: 'argument': conversion from 'int' to 'GLfloat', possible loss of data
c:\users\ashyo98\documents\visual studio 2017\projects\emojimaker\neutral.cpp(33): warning C4244: 'argument': conversion from 'int' to 'GLfloat', possible loss of data
c:\users\ashyo98\documents\visual studio 2017\projects\emojimaker\neutral.cpp(36): warning C4244: 'argument': conversion from 'int' to 'GLfloat', possible loss of data
c:\users\ashyo98\documents\visual studio 2017\projects\emojimaker\neutral.cpp(37): warning C4244: 'argument': conversion from 'int' to 'GLfloat', possible loss of data
c:\users\ashyo98\documents\visual studio 2017\projects\emojimaker\neutral.cpp(40): warning C4244: 'argument': conversion from 'int' to 'GLfloat', possible loss of data
c:\users\ashyo98\documents\visual studio 2017\projects\emojimaker\neutral.cpp(41): warning C4244: 'argument': conversion from 'int' to 'GLfloat', possible loss of data
c:\users\ashyo98\documents\visual studio 2017\projects\emojimaker\neutral.cpp(42): warning C4244: 'argument': conversion from 'int' to 'GLfloat', possible loss of data
c:\users\ashyo98\documents\visual studio 2017\projects\emojimaker\neutral.cpp(44): warning C4244: 'argument': conversion from 'int' to 'GLfloat', possible loss of data
c:\users\ashyo98\documents\visual studio 2017\projects\emojimaker\neutral.cpp(45): warning C4244: 'argument': conversion from 'int' to 'GLfloat', possible loss of data
c:\users\ashyo98\documents\visual studio 2017\projects\emojimaker\neutral.cpp(46): warning C4244: 'argument': conversion from 'int' to 'GLfloat', possible loss of data
c:\users\ashyo98\documents\visual studio 2017\projects\emojimaker\neutral.cpp(48): warning C4244: 'argument': conversion from 'int' to 'GLfloat', possible loss of data
c:\users\ashyo98\documents\visual studio 2017\projects\emojimaker\neutral.cpp(49): warning C4244: 'argument': conversion from 'int' to 'GLfloat', possible loss of data
c:\users\ashyo98\documents\visual studio 2017\projects\emojimaker\neutral.cpp(50): warning C4244: 'argument': conversion from 'int' to 'GLfloat', possible loss of data
c:\users\ashyo98\documents\visual studio 2017\projects\emojimaker\neutral.cpp(51): warning C4244: 'argument': conversion from 'int' to 'GLfloat', possible loss of data
c:\users\ashyo98\documents\visual studio 2017\projects\emojimaker\neutral.cpp(52): warning C4244: 'argument': conversion from 'int' to 'GLfloat', possible loss of data
c:\users\ashyo98\documents\visual studio 2017\projects\emojimaker\neutral.cpp(60): warning C4305: 'argument': truncation from 'double' to 'GLfloat'
c:\users\ashyo98\documents\visual studio 2017\projects\emojimaker\neutral.cpp(60): warning C4244: 'argument': conversion from 'int' to 'GLfloat', possible loss of data
c:\users\ashyo98\documents\visual studio 2017\projects\emojimaker\neutral.cpp(66): warning C4244: 'argument': conversion from 'int' to 'GLfloat', possible loss of data
c:\users\ashyo98\documents\visual studio 2017\projects\emojimaker\neutral.cpp(67): warning C4244: 'argument': conversion from 'int' to 'GLfloat', possible loss of data
c:\users\ashyo98\documents\visual studio 2017\projects\emojimaker\neutral.cpp(68): warning C4244: 'argument': conversion from 'int' to 'GLfloat', possible loss of data
c:\users\ashyo98\documents\visual studio 2017\projects\emojimaker\neutral.cpp(69): warning C4244: 'argument': conversion from 'int' to 'GLfloat', possible loss of data
c:\users\ashyo98\documents\visual studio 2017\projects\emojimaker\neutral.cpp(70): warning C4244: 'argument': conversion from 'int' to 'GLfloat', possible loss of data
c:\users\ashyo98\documents\visual studio 2017\projects\emojimaker\neutral.cpp(74): warning C4244: 'argument': conversion from 'int' to 'GLfloat', possible loss of data
c:\users\ashyo98\documents\visual studio 2017\projects\emojimaker\neutral.cpp(75): warning C4244: 'argument': conversion from 'int' to 'GLfloat', possible loss of data
c:\users\ashyo98\documents\visual studio 2017\projects\emojimaker\neutral.cpp(76): warning C4244: 'argument': conversion from 'int' to 'GLfloat', possible loss of data
c:\users\ashyo98\documents\visual studio 2017\projects\emojimaker\neutral.cpp(77): warning C4244: 'argument': conversion from 'int' to 'GLfloat', possible loss of data
c:\users\ashyo98\documents\visual studio 2017\projects\emojimaker\neutral.cpp(78): warning C4244: 'argument': conversion from 'int' to 'GLfloat', possible loss of data
c:\users\ashyo98\documents\visual studio 2017\projects\emojimaker\neutral.cpp(82): warning C4244: 'argument': conversion from 'int' to 'GLfloat', possible loss of data
c:\users\ashyo98\documents\visual studio 2017\projects\emojimaker\neutral.cpp(83): warning C4244: 'argument': conversion from 'int' to 'GLfloat', possible loss of data
c:\users\ashyo98\documents\visual studio 2017\projects\emojimaker\neutral.cpp(84): warning C4244: 'argument': conversion from 'int' to 'GLfloat', possible loss of data
c:\users\ashyo98\documents\visual studio 2017\projects\emojimaker\neutral.cpp(85): warning C4244: 'argument': conversion from 'int' to 'GLfloat', possible loss of data
c:\users\ashyo98\documents\visual studio 2017\projects\emojimaker\neutral.cpp(86): warning C4244: 'argument': conversion from 'int' to 'GLfloat', possible loss of data
  Generating Code...
  EmojiMaker.vcxproj -> C:\Users\ashyo98\Documents\Visual Studio 2017\Projects\EmojiMaker\Debug\EmojiMaker.exe
